2025/05/26 00:01:43 main.go:58: Starting pprof on :6060
2025/05/26 00:01:43 main.go:68: Bootstrap started
2025/05/26 00:01:43 main.go:89: Standard Error: 0.107509
2025/05/26 00:01:43 main.go:90: Execution Time: 2.263542ms
2025/05/26 00:01:43 main.go:97: Memory Used: 1961.50 KB
2025/05/26 00:22:53 main.go:68: Bootstrap started
2025/05/26 00:22:53 main.go:58: Starting pprof on :6060
2025/05/26 00:22:53 main.go:89: Standard Error: 0.136722
2025/05/26 00:22:53 main.go:90: Execution Time: 4.315209ms
2025/05/26 00:22:53 main.go:97: Memory Used: 1956.52 KB
2025/05/26 00:37:23 Starting pprof on :6060
2025/05/26 00:37:23 main.go:124: Standard Error: 0.171995
2025/05/26 00:37:23 main.go:125: Execution Time: 1.234166ms
2025/05/26 00:37:23 main.go:126: Memory Used: 1958.07 KB
2025/05/26 00:37:43 Starting pprof on :6060
2025/05/26 00:37:43 main.go:124: Standard Error: 0.137563
2025/05/26 00:37:43 main.go:125: Execution Time: 1.846417ms
2025/05/26 00:37:43 main.go:126: Memory Used: 1943.05 KB
2025/05/26 00:39:28 Starting pprof on :6060
2025/05/26 00:39:28 main.go:124: Standard Error: 0.100729
2025/05/26 00:39:28 main.go:125: Execution Time: 1.499625ms
2025/05/26 00:39:28 main.go:126: Memory Used: 1940.51 KB
